<?xml version="1.0" encoding="UTF-8"?>
<!-- Generated by org.testng.reporters.JUnitXMLReporter -->
<testsuite ignored="2" hostname="DESKTOP-NFE9NNT" failures="0" tests="1" name="homeloan" time="0.004" errors="0" timestamp="2024-04-30T14:36:45 IST">
  <testcase classname="Testingframework.section17.frame3" name="ex" time="0.001"/>
  <testcase classname="Testingframework.section17.frame3" name="webpage" time="0.0">
    <ignored/>
  </testcase> <!-- webpage -->
  <testcase classname="Testingframework.section17.frame3" name="homeloan" time="0.0">
    <ignored/>
  </testcase> <!-- homeloan -->
</testsuite> <!-- homeloan -->
