<?xml version="1.0" encoding="UTF-8"?>
<!-- Generated by org.testng.reporters.JUnitXMLReporter -->
<testsuite ignored="7" hostname="DESKTOP-NFE9NNT" failures="0" tests="3" name="Regression Test" time="0.145" errors="0" timestamp="2024-05-02T11:50:26 IST">
  <testcase classname="Testingframework.section17.Frame2$TestNg" name="output" time="0.02"/>
  <testcase classname="Testingframework.section17.frame3" name="ex" time="0.002"/>
  <testcase classname="Testingframework.section17.frame4$TestNg" name="webpage" time="0.004"/>
  <testcase classname="Testingframework.section17.frame4$TestNg" name="carloan" time="0.0">
    <ignored/>
  </testcase> <!-- carloan -->
  <testcase classname="Testingframework.section17.Frame2$TestNg" name="input" time="0.0">
    <ignored/>
  </testcase> <!-- input -->
  <testcase classname="Testingframework.section17.frame3" name="webpage" time="0.0">
    <ignored/>
  </testcase> <!-- webpage -->
  <testcase classname="Testingframework.section17.frame3" name="homeloan" time="0.0">
    <ignored/>
  </testcase> <!-- homeloan -->
  <testcase classname="Testingframework.section17.Frame1$TestNg" name="input" time="0.0">
    <ignored/>
  </testcase> <!-- input -->
  <testcase classname="Testingframework.section17.Frame1$TestNg" name="output" time="0.0">
    <ignored/>
  </testcase> <!-- output -->
  <testcase classname="Testingframework.section17.frame4$TestNg" name="ex" time="0.0">
    <ignored/>
  </testcase> <!-- ex -->
</testsuite> <!-- Regression Test -->
