<?xml version="1.0" encoding="UTF-8"?>
<!-- Generated by org.testng.reporters.JUnitXMLReporter -->
<testsuite ignored="0" hostname="DESKTOP-NFE9NNT" failures="0" tests="10" name="Test" time="0.158" errors="0" timestamp="2024-05-02T12:38:10 IST">
  <testcase classname="Testingframework.section17.Frame2$TestNg" name="input" time="0.014"/>
  <testcase classname="Testingframework.section17.Frame2$TestNg" name="output" time="0.003"/>
  <testcase classname="Testingframework.section17.Frame1$TestNg" name="input" time="0.003"/>
  <testcase classname="Testingframework.section17.Frame1$TestNg" name="output" time="0.001"/>
  <testcase classname="Testingframework.section17.frame3" name="homeloan" time="0.002"/>
  <testcase classname="Testingframework.section17.frame3" name="webpages" time="0.002"/>
  <testcase classname="Testingframework.section17.frame4$TestNg" name="carloan" time="0.003"/>
  <testcase classname="Testingframework.section17.frame4$TestNg" name="ex" time="0.001"/>
  <testcase classname="Testingframework.section17.frame4$TestNg" name="webpage" time="0.002"/>
  <testcase classname="Testingframework.section17.frame3" name="ex" time="0.002"/>
</testsuite> <!-- Test -->
