<?xml version="1.0" encoding="UTF-8"?>
<testng-results ignored="0" total="1" passed="1" failed="0" skipped="0">
  <reporter-output>
  </reporter-output>
  <suite started-at="2024-05-21T15:29:14 IST" name="Default suite" finished-at="2024-05-21T15:29:19 IST" duration-ms="4626">
    <groups>
    </groups>
    <test started-at="2024-05-21T15:29:14 IST" name="Default test" finished-at="2024-05-21T15:29:19 IST" duration-ms="4626">
      <class name="framework.report.Rep">
        <test-method is-config="true" signature="config()[pri:0, instance:framework.report.Rep@235834f2]" started-at="2024-05-21T15:29:14 IST" name="config" finished-at="2024-05-21T15:29:14 IST" duration-ms="190" status="PASS">
          <reporter-output>
          </reporter-output>
        </test-method> <!-- config -->
        <test-method signature="testmethod()[pri:0, instance:framework.report.Rep@235834f2]" started-at="2024-05-21T15:29:14 IST" name="testmethod" finished-at="2024-05-21T15:29:19 IST" duration-ms="4387" status="PASS">
          <reporter-output>
          </reporter-output>
        </test-method> <!-- testmethod -->
      </class> <!-- framework.report.Rep -->
    </test> <!-- Default test -->
  </suite> <!-- Default suite -->
</testng-results>
